1661409159481	geckodriver	INFO	Listening on 127.0.0.1:62902
1661409159894	mozrunner::runner	INFO	Running command: "/Applications/Firefox.app/Contents/MacOS/firefox-bin" "--marionette" "--remote-debugging-port" "62903" "--remote-allow-hosts" "localhost" "-foreground" "-no-remote" "-profile" "/var/folders/g2/g_tsdv350sq8_cdw_3fknq600000gn/T/rust_mozprofileDKIvlH"
1661409160391	Marionette	INFO	Marionette enabled
2022-08-25 02:32:40.404 plugin-container[64397:5011433] nil host used in call to allowsSpecificHTTPSCertificateForHost
2022-08-25 02:32:40.414 plugin-container[64397:5011433] nil host used in call to allowsAnyHTTPSCertificateForHost:
1661409160417	Marionette	INFO	Listening on port 62915
WebDriver BiDi listening on ws://localhost:62903
Read port: 62915
2022-08-25 02:32:40.526 plugin-container[64397:5011433] nil host used in call to allowsSpecificHTTPSCertificateForHost
2022-08-25 02:32:40.526 plugin-container[64397:5011433] nil host used in call to allowsAnyHTTPSCertificateForHost:
2022-08-25 02:32:40.527 plugin-container[64397:5011436] nil host used in call to allowsSpecificHTTPSCertificateForHost
2022-08-25 02:32:40.527 plugin-container[64397:5011436] nil host used in call to allowsAnyHTTPSCertificateForHost:
1661409160640	RemoteAgent	WARN	TLS certificate errors will be ignored for this session
console.warn: SearchSettings: "get: No settings file exists, new profile?" (new NotFoundError("Could not open the file at /var/folders/g2/g_tsdv350sq8_cdw_3fknq600000gn/T/rust_mozprofileDKIvlH/search.json.mozlz4", (void 0)))
DevTools listening on ws://localhost:62903/devtools/browser/38e6e962-043c-45f0-be6f-c36ab6cfda73
JavaScript error: resource://gre/modules/URIFixup.jsm, line 278: NS_ERROR_FAILURE: Should pass a non-null uri
UNSUPPORTED (log once): POSSIBLE ISSUE: unit 1 GLD_TEXTURE_INDEX_2D is unloadable and bound to sampler type (Float) - using zero texture because texture unloadable
1661409181810	geckodriver	INFO	Listening on 127.0.0.1:62971
1661409182319	mozrunner::runner	INFO	Running command: "/Applications/Firefox.app/Contents/MacOS/firefox-bin" "--marionette" "--remote-debugging-port" "62972" "--remote-allow-hosts" "localhost" "-foreground" "-no-remote" "-profile" "/var/folders/g2/g_tsdv350sq8_cdw_3fknq600000gn/T/rust_mozprofiledzq3IW"
2022-08-25 02:33:02.596 plugin-container[65279:5014353] nil host used in call to allowsSpecificHTTPSCertificateForHost
2022-08-25 02:33:02.596 plugin-container[65279:5014353] nil host used in call to allowsAnyHTTPSCertificateForHost:
2022-08-25 02:33:02.599 plugin-container[65279:5014353] nil host used in call to allowsSpecificHTTPSCertificateForHost
2022-08-25 02:33:02.599 plugin-container[65279:5014353] nil host used in call to allowsAnyHTTPSCertificateForHost:
2022-08-25 02:33:02.599 plugin-container[65279:5014351] nil host used in call to allowsSpecificHTTPSCertificateForHost
2022-08-25 02:33:02.599 plugin-container[65279:5014351] nil host used in call to allowsAnyHTTPSCertificateForHost:
1661409182603	Marionette	INFO	Marionette enabled
1661409182629	Marionette	INFO	Listening on port 62979
WebDriver BiDi listening on ws://localhost:62972
Read port: 62979
1661409182835	RemoteAgent	WARN	TLS certificate errors will be ignored for this session
console.warn: SearchSettings: "get: No settings file exists, new profile?" (new NotFoundError("Could not open the file at /var/folders/g2/g_tsdv350sq8_cdw_3fknq600000gn/T/rust_mozprofiledzq3IW/search.json.mozlz4", (void 0)))
DevTools listening on ws://localhost:62972/devtools/browser/5644c710-0710-4142-a085-5b71d7bfa9b8
JavaScript error: resource://gre/modules/URIFixup.jsm, line 278: NS_ERROR_FAILURE: Should pass a non-null uri
UNSUPPORTED (log once): POSSIBLE ISSUE: unit 1 GLD_TEXTURE_INDEX_2D is unloadable and bound to sampler type (Float) - using zero texture because texture unloadable
1661409303352	geckodriver	INFO	Listening on 127.0.0.1:63085
1661409303870	mozrunner::runner	INFO	Running command: "/Applications/Firefox.app/Contents/MacOS/firefox-bin" "--marionette" "--remote-debugging-port" "63086" "--remote-allow-hosts" "localhost" "-foreground" "-no-remote" "-profile" "/var/folders/g2/g_tsdv350sq8_cdw_3fknq600000gn/T/rust_mozprofiledN45RC"
2022-08-25 02:35:04.180 plugin-container[65664:5017193] nil host used in call to allowsSpecificHTTPSCertificateForHost
2022-08-25 02:35:04.180 plugin-container[65664:5017193] nil host used in call to allowsAnyHTTPSCertificateForHost:
1661409304184	Marionette	INFO	Marionette enabled
2022-08-25 02:35:04.208 plugin-container[65664:5017193] nil host used in call to allowsSpecificHTTPSCertificateForHost
2022-08-25 02:35:04.208 plugin-container[65664:5017193] nil host used in call to allowsAnyHTTPSCertificateForHost:
2022-08-25 02:35:04.208 plugin-container[65664:5017201] nil host used in call to allowsSpecificHTTPSCertificateForHost
2022-08-25 02:35:04.208 plugin-container[65664:5017201] nil host used in call to allowsAnyHTTPSCertificateForHost:
1661409304301	Marionette	INFO	Listening on port 63091
WebDriver BiDi listening on ws://localhost:63086
Read port: 63091
1661409304473	RemoteAgent	WARN	TLS certificate errors will be ignored for this session
console.warn: SearchSettings: "get: No settings file exists, new profile?" (new NotFoundError("Could not open the file at /var/folders/g2/g_tsdv350sq8_cdw_3fknq600000gn/T/rust_mozprofiledN45RC/search.json.mozlz4", (void 0)))
DevTools listening on ws://localhost:63086/devtools/browser/57426901-287d-4dd2-9d3f-0926d1019813
JavaScript error: resource://gre/modules/URIFixup.jsm, line 278: NS_ERROR_FAILURE: Should pass a non-null uri
UNSUPPORTED (log once): POSSIBLE ISSUE: unit 1 GLD_TEXTURE_INDEX_2D is unloadable and bound to sampler type (Float) - using zero texture because texture unloadable
console.warn: LoginRecipes: "getRecipes: falling back to a synchronous message for:" "https://www.instagram.com"
Exiting due to channel error.
Exiting due to channel error.
Exiting due to channel error.
Exiting due to channel error.
Exiting due to channel error.
Exiting due to channel error.
[GFX1-]: Receive IPC close with reason=AbnormalShutdown
Exiting due to channel error.
Exiting due to channel error.
1661409441032	geckodriver	INFO	Listening on 127.0.0.1:63171
1661409441552	mozrunner::runner	INFO	Running command: "/Applications/Firefox.app/Contents/MacOS/firefox-bin" "--marionette" "--remote-debugging-port" "63172" "--remote-allow-hosts" "localhost" "-foreground" "-no-remote" "-profile" "/var/folders/g2/g_tsdv350sq8_cdw_3fknq600000gn/T/rust_mozprofile4EjAiE"
2022-08-25 02:37:21.830 plugin-container[65689:5019617] nil host used in call to allowsSpecificHTTPSCertificateForHost
2022-08-25 02:37:21.830 plugin-container[65689:5019617] nil host used in call to allowsAnyHTTPSCertificateForHost:
2022-08-25 02:37:21.832 plugin-container[65689:5019617] nil host used in call to allowsSpecificHTTPSCertificateForHost
2022-08-25 02:37:21.832 plugin-container[65689:5019617] nil host used in call to allowsAnyHTTPSCertificateForHost:
2022-08-25 02:37:21.832 plugin-container[65689:5019615] nil host used in call to allowsSpecificHTTPSCertificateForHost
2022-08-25 02:37:21.832 plugin-container[65689:5019615] nil host used in call to allowsAnyHTTPSCertificateForHost:
1661409441840	Marionette	INFO	Marionette enabled
1661409441866	Marionette	INFO	Listening on port 63177
WebDriver BiDi listening on ws://localhost:63172
Read port: 63177
1661409442053	RemoteAgent	WARN	TLS certificate errors will be ignored for this session
console.warn: SearchSettings: "get: No settings file exists, new profile?" (new NotFoundError("Could not open the file at /var/folders/g2/g_tsdv350sq8_cdw_3fknq600000gn/T/rust_mozprofile4EjAiE/search.json.mozlz4", (void 0)))
DevTools listening on ws://localhost:63172/devtools/browser/e12865ad-e07a-4963-ac76-f1db1c221594
JavaScript error: resource://gre/modules/URIFixup.jsm, line 278: NS_ERROR_FAILURE: Should pass a non-null uri
UNSUPPORTED (log once): POSSIBLE ISSUE: unit 1 GLD_TEXTURE_INDEX_2D is unloadable and bound to sampler type (Float) - using zero texture because texture unloadable
console.warn: LoginRecipes: "getRecipes: falling back to a synchronous message for:" "https://www.instagram.com"
console.warn: LoginRecipes: "getRecipes: falling back to a synchronous message for:" "https://www.instagram.com"
JavaScript error: resource://gre/modules/LoginManagerParent.jsm, line 136: TypeError: gRecipeManager is null
console.warn: LoginRecipes: "getRecipes: falling back to a synchronous message for:" "https://www.instagram.com"
JavaScript error: resource://gre/modules/LoginManagerParent.jsm, line 136: TypeError: gRecipeManager is null
Marionette threw an error: TypeError: browsingContext.currentWindowGlobal is null
getMarionetteCommandsActorProxy/get/<@chrome://remote/content/marionette/actors/MarionetteCommandsParent.jsm:337:29

1661409568302	geckodriver	INFO	Listening on 127.0.0.1:63328
1661409568828	mozrunner::runner	INFO	Running command: "/Applications/Firefox.app/Contents/MacOS/firefox-bin" "--marionette" "--remote-debugging-port" "63329" "--remote-allow-hosts" "localhost" "-foreground" "-no-remote" "-profile" "/var/folders/g2/g_tsdv350sq8_cdw_3fknq600000gn/T/rust_mozprofileBOs3WS"
2022-08-25 02:39:29.124 plugin-container[65716:5023928] nil host used in call to allowsSpecificHTTPSCertificateForHost
2022-08-25 02:39:29.124 plugin-container[65716:5023928] nil host used in call to allowsAnyHTTPSCertificateForHost:
2022-08-25 02:39:29.126 plugin-container[65716:5023928] nil host used in call to allowsSpecificHTTPSCertificateForHost
2022-08-25 02:39:29.126 plugin-container[65716:5023928] nil host used in call to allowsAnyHTTPSCertificateForHost:
2022-08-25 02:39:29.126 plugin-container[65716:5023937] nil host used in call to allowsSpecificHTTPSCertificateForHost
2022-08-25 02:39:29.126 plugin-container[65716:5023937] nil host used in call to allowsAnyHTTPSCertificateForHost:
1661409569137	Marionette	INFO	Marionette enabled
1661409569161	Marionette	INFO	Listening on port 63336
WebDriver BiDi listening on ws://localhost:63329
Read port: 63336
1661409569311	RemoteAgent	WARN	TLS certificate errors will be ignored for this session
console.warn: SearchSettings: "get: No settings file exists, new profile?" (new NotFoundError("Could not open the file at /var/folders/g2/g_tsdv350sq8_cdw_3fknq600000gn/T/rust_mozprofileBOs3WS/search.json.mozlz4", (void 0)))
DevTools listening on ws://localhost:63329/devtools/browser/97482c2e-aced-42d8-876f-5852a3fb74ba
JavaScript error: resource://gre/modules/URIFixup.jsm, line 278: NS_ERROR_FAILURE: Should pass a non-null uri
UNSUPPORTED (log once): POSSIBLE ISSUE: unit 1 GLD_TEXTURE_INDEX_2D is unloadable and bound to sampler type (Float) - using zero texture because texture unloadable
console.warn: LoginRecipes: "getRecipes: falling back to a synchronous message for:" "https://www.instagram.com"
console.warn: LoginRecipes: "getRecipes: falling back to a synchronous message for:" "https://www.instagram.com"
JavaScript error: resource://gre/modules/LoginManagerParent.jsm, line 136: TypeError: gRecipeManager is null
JavaScript error: https://www.instagram.com/static/bundles/es6/ConsumerLibCommons.js/8620531c0222.js, line 419: TypeError: o.map is not a function
JavaScript warning: https://static.cdninstagram.com/rsrc.php/v3imJV4/yM/l/en_US/K3M0OgkX00D.js?_nc_x=Ij3Wp8lg5Kz, line 841: unreachable code after return statement
JavaScript warning: https://static.cdninstagram.com/rsrc.php/v3imJV4/yM/l/en_US/K3M0OgkX00D.js?_nc_x=Ij3Wp8lg5Kz, line 841: unreachable code after return statement
JavaScript warning: https://static.cdninstagram.com/rsrc.php/v3imJV4/yM/l/en_US/K3M0OgkX00D.js?_nc_x=Ij3Wp8lg5Kz, line 1174: unreachable code after return statement
JavaScript warning: https://static.cdninstagram.com/rsrc.php/v3imJV4/yM/l/en_US/K3M0OgkX00D.js?_nc_x=Ij3Wp8lg5Kz, line 1174: unreachable code after return statement
JavaScript warning: https://static.cdninstagram.com/rsrc.php/v3imJV4/yM/l/en_US/K3M0OgkX00D.js?_nc_x=Ij3Wp8lg5Kz, line 1174: unreachable code after return statement
JavaScript warning: https://static.cdninstagram.com/rsrc.php/v3iCLI4/yS/l/en_US/4bUJ6KiLWSg.js?_nc_x=Ij3Wp8lg5Kz, line 48: WEBGL_debug_renderer_info is deprecated in Firefox and will be removed. Please use RENDERER.
JavaScript warning: https://static.cdninstagram.com/rsrc.php/v3imJV4/yM/l/en_US/K3M0OgkX00D.js?_nc_x=Ij3Wp8lg5Kz, line 841: unreachable code after return statement
JavaScript warning: https://static.cdninstagram.com/rsrc.php/v3imJV4/yM/l/en_US/K3M0OgkX00D.js?_nc_x=Ij3Wp8lg5Kz, line 841: unreachable code after return statement
JavaScript warning: https://static.cdninstagram.com/rsrc.php/v3imJV4/yM/l/en_US/K3M0OgkX00D.js?_nc_x=Ij3Wp8lg5Kz, line 1174: unreachable code after return statement
JavaScript warning: https://static.cdninstagram.com/rsrc.php/v3imJV4/yM/l/en_US/K3M0OgkX00D.js?_nc_x=Ij3Wp8lg5Kz, line 1174: unreachable code after return statement
JavaScript warning: https://static.cdninstagram.com/rsrc.php/v3imJV4/yM/l/en_US/K3M0OgkX00D.js?_nc_x=Ij3Wp8lg5Kz, line 1174: unreachable code after return statement
JavaScript warning: https://static.cdninstagram.com/rsrc.php/v3iCLI4/yS/l/en_US/4bUJ6KiLWSg.js?_nc_x=Ij3Wp8lg5Kz, line 48: WEBGL_debug_renderer_info is deprecated in Firefox and will be removed. Please use RENDERER.
JavaScript warning: https://static.cdninstagram.com/rsrc.php/v3imJV4/yM/l/en_US/K3M0OgkX00D.js?_nc_x=Ij3Wp8lg5Kz, line 841: unreachable code after return statement
JavaScript warning: https://static.cdninstagram.com/rsrc.php/v3imJV4/yM/l/en_US/K3M0OgkX00D.js?_nc_x=Ij3Wp8lg5Kz, line 841: unreachable code after return statement
JavaScript warning: https://static.cdninstagram.com/rsrc.php/v3imJV4/yM/l/en_US/K3M0OgkX00D.js?_nc_x=Ij3Wp8lg5Kz, line 1174: unreachable code after return statement
JavaScript warning: https://static.cdninstagram.com/rsrc.php/v3imJV4/yM/l/en_US/K3M0OgkX00D.js?_nc_x=Ij3Wp8lg5Kz, line 1174: unreachable code after return statement
JavaScript warning: https://static.cdninstagram.com/rsrc.php/v3imJV4/yM/l/en_US/K3M0OgkX00D.js?_nc_x=Ij3Wp8lg5Kz, line 1174: unreachable code after return statement
JavaScript warning: https://static.cdninstagram.com/rsrc.php/v3iCLI4/yS/l/en_US/4bUJ6KiLWSg.js?_nc_x=Ij3Wp8lg5Kz, line 48: WEBGL_debug_renderer_info is deprecated in Firefox and will be removed. Please use RENDERER.
JavaScript warning: https://static.cdninstagram.com/rsrc.php/v3imJV4/yM/l/en_US/K3M0OgkX00D.js?_nc_x=Ij3Wp8lg5Kz, line 841: unreachable code after return statement
JavaScript warning: https://static.cdninstagram.com/rsrc.php/v3imJV4/yM/l/en_US/K3M0OgkX00D.js?_nc_x=Ij3Wp8lg5Kz, line 841: unreachable code after return statement
JavaScript warning: https://static.cdninstagram.com/rsrc.php/v3imJV4/yM/l/en_US/K3M0OgkX00D.js?_nc_x=Ij3Wp8lg5Kz, line 1174: unreachable code after return statement
JavaScript warning: https://static.cdninstagram.com/rsrc.php/v3imJV4/yM/l/en_US/K3M0OgkX00D.js?_nc_x=Ij3Wp8lg5Kz, line 1174: unreachable code after return statement
JavaScript warning: https://static.cdninstagram.com/rsrc.php/v3imJV4/yM/l/en_US/K3M0OgkX00D.js?_nc_x=Ij3Wp8lg5Kz, line 1174: unreachable code after return statement
JavaScript warning: https://static.cdninstagram.com/rsrc.php/v3iCLI4/yS/l/en_US/4bUJ6KiLWSg.js?_nc_x=Ij3Wp8lg5Kz, line 48: WEBGL_debug_renderer_info is deprecated in Firefox and will be removed. Please use RENDERER.
Exiting due to channel error.
Exiting due to channel error.
Exiting due to channel error.
Exiting due to channel error.
Exiting due to channel error.
1661409825731	geckodriver	INFO	Listening on 127.0.0.1:63504
1661409826247	mozrunner::runner	INFO	Running command: "/Applications/Firefox.app/Contents/MacOS/firefox-bin" "--marionette" "--remote-debugging-port" "63505" "--remote-allow-hosts" "localhost" "-foreground" "-no-remote" "-profile" "/var/folders/g2/g_tsdv350sq8_cdw_3fknq600000gn/T/rust_mozprofileAlIalr"
2022-08-25 02:43:46.522 plugin-container[65737:5027315] nil host used in call to allowsSpecificHTTPSCertificateForHost
2022-08-25 02:43:46.522 plugin-container[65737:5027315] nil host used in call to allowsAnyHTTPSCertificateForHost:
2022-08-25 02:43:46.524 plugin-container[65737:5027315] nil host used in call to allowsSpecificHTTPSCertificateForHost
2022-08-25 02:43:46.524 plugin-container[65737:5027315] nil host used in call to allowsAnyHTTPSCertificateForHost:
2022-08-25 02:43:46.524 plugin-container[65737:5027321] nil host used in call to allowsSpecificHTTPSCertificateForHost
2022-08-25 02:43:46.524 plugin-container[65737:5027321] nil host used in call to allowsAnyHTTPSCertificateForHost:
1661409826530	Marionette	INFO	Marionette enabled
1661409826553	Marionette	INFO	Listening on port 63510
Read port: 63510
WebDriver BiDi listening on ws://localhost:63505
1661409826648	RemoteAgent	WARN	TLS certificate errors will be ignored for this session
console.warn: SearchSettings: "get: No settings file exists, new profile?" (new NotFoundError("Could not open the file at /var/folders/g2/g_tsdv350sq8_cdw_3fknq600000gn/T/rust_mozprofileAlIalr/search.json.mozlz4", (void 0)))
DevTools listening on ws://localhost:63505/devtools/browser/25bb82d4-764e-46e2-a1ff-44a23c50139c
JavaScript error: resource://gre/modules/URIFixup.jsm, line 278: NS_ERROR_FAILURE: Should pass a non-null uri
UNSUPPORTED (log once): POSSIBLE ISSUE: unit 1 GLD_TEXTURE_INDEX_2D is unloadable and bound to sampler type (Float) - using zero texture because texture unloadable
JavaScript warning: https://static.cdninstagram.com/rsrc.php/v3imJV4/yM/l/en_US/K3M0OgkX00D.js?_nc_x=Ij3Wp8lg5Kz, line 841: unreachable code after return statement
JavaScript warning: https://static.cdninstagram.com/rsrc.php/v3imJV4/yM/l/en_US/K3M0OgkX00D.js?_nc_x=Ij3Wp8lg5Kz, line 841: unreachable code after return statement
JavaScript warning: https://static.cdninstagram.com/rsrc.php/v3imJV4/yM/l/en_US/K3M0OgkX00D.js?_nc_x=Ij3Wp8lg5Kz, line 1174: unreachable code after return statement
JavaScript warning: https://static.cdninstagram.com/rsrc.php/v3imJV4/yM/l/en_US/K3M0OgkX00D.js?_nc_x=Ij3Wp8lg5Kz, line 1174: unreachable code after return statement
JavaScript warning: https://static.cdninstagram.com/rsrc.php/v3imJV4/yM/l/en_US/K3M0OgkX00D.js?_nc_x=Ij3Wp8lg5Kz, line 1174: unreachable code after return statement
JavaScript warning: https://static.cdninstagram.com/rsrc.php/v3iCLI4/yS/l/en_US/4bUJ6KiLWSg.js?_nc_x=Ij3Wp8lg5Kz, line 48: WEBGL_debug_renderer_info is deprecated in Firefox and will be removed. Please use RENDERER.
JavaScript warning: https://static.cdninstagram.com/rsrc.php/v3imJV4/yM/l/en_US/K3M0OgkX00D.js?_nc_x=Ij3Wp8lg5Kz, line 841: unreachable code after return statement
JavaScript warning: https://static.cdninstagram.com/rsrc.php/v3imJV4/yM/l/en_US/K3M0OgkX00D.js?_nc_x=Ij3Wp8lg5Kz, line 841: unreachable code after return statement
JavaScript warning: https://static.cdninstagram.com/rsrc.php/v3imJV4/yM/l/en_US/K3M0OgkX00D.js?_nc_x=Ij3Wp8lg5Kz, line 1174: unreachable code after return statement
JavaScript warning: https://static.cdninstagram.com/rsrc.php/v3imJV4/yM/l/en_US/K3M0OgkX00D.js?_nc_x=Ij3Wp8lg5Kz, line 1174: unreachable code after return statement
JavaScript warning: https://static.cdninstagram.com/rsrc.php/v3imJV4/yM/l/en_US/K3M0OgkX00D.js?_nc_x=Ij3Wp8lg5Kz, line 1174: unreachable code after return statement
JavaScript warning: https://static.cdninstagram.com/rsrc.php/v3iCLI4/yS/l/en_US/4bUJ6KiLWSg.js?_nc_x=Ij3Wp8lg5Kz, line 48: WEBGL_debug_renderer_info is deprecated in Firefox and will be removed. Please use RENDERER.
JavaScript warning: https://static.cdninstagram.com/rsrc.php/v3imJV4/yM/l/en_US/K3M0OgkX00D.js?_nc_x=Ij3Wp8lg5Kz, line 841: unreachable code after return statement
JavaScript warning: https://static.cdninstagram.com/rsrc.php/v3imJV4/yM/l/en_US/K3M0OgkX00D.js?_nc_x=Ij3Wp8lg5Kz, line 841: unreachable code after return statement
JavaScript warning: https://static.cdninstagram.com/rsrc.php/v3imJV4/yM/l/en_US/K3M0OgkX00D.js?_nc_x=Ij3Wp8lg5Kz, line 1174: unreachable code after return statement
JavaScript warning: https://static.cdninstagram.com/rsrc.php/v3imJV4/yM/l/en_US/K3M0OgkX00D.js?_nc_x=Ij3Wp8lg5Kz, line 1174: unreachable code after return statement
JavaScript warning: https://static.cdninstagram.com/rsrc.php/v3imJV4/yM/l/en_US/K3M0OgkX00D.js?_nc_x=Ij3Wp8lg5Kz, line 1174: unreachable code after return statement
JavaScript warning: https://static.cdninstagram.com/rsrc.php/v3iCLI4/yS/l/en_US/4bUJ6KiLWSg.js?_nc_x=Ij3Wp8lg5Kz, line 48: WEBGL_debug_renderer_info is deprecated in Firefox and will be removed. Please use RENDERER.
JavaScript warning: https://static.cdninstagram.com/rsrc.php/v3imJV4/yM/l/en_US/K3M0OgkX00D.js?_nc_x=Ij3Wp8lg5Kz, line 841: unreachable code after return statement
JavaScript warning: https://static.cdninstagram.com/rsrc.php/v3imJV4/yM/l/en_US/K3M0OgkX00D.js?_nc_x=Ij3Wp8lg5Kz, line 841: unreachable code after return statement
JavaScript warning: https://static.cdninstagram.com/rsrc.php/v3imJV4/yM/l/en_US/K3M0OgkX00D.js?_nc_x=Ij3Wp8lg5Kz, line 1174: unreachable code after return statement
JavaScript warning: https://static.cdninstagram.com/rsrc.php/v3imJV4/yM/l/en_US/K3M0OgkX00D.js?_nc_x=Ij3Wp8lg5Kz, line 1174: unreachable code after return statement
JavaScript warning: https://static.cdninstagram.com/rsrc.php/v3imJV4/yM/l/en_US/K3M0OgkX00D.js?_nc_x=Ij3Wp8lg5Kz, line 1174: unreachable code after return statement
JavaScript warning: https://static.cdninstagram.com/rsrc.php/v3iCLI4/yS/l/en_US/4bUJ6KiLWSg.js?_nc_x=Ij3Wp8lg5Kz, line 48: WEBGL_debug_renderer_info is deprecated in Firefox and will be removed. Please use RENDERER.
